\BOOKMARK [1][-]{section.1}{\376\377\000I\000n\000t\000r\000o\000d\000u\000\347\000\343\000o}{}% 1
\BOOKMARK [1][-]{section.2}{\376\377\000M\000a\000t\000e\000r\000i\000a\000s\000\040\000e\000\040\000M\000\351\000t\000o\000d\000o\000s}{}% 2
\BOOKMARK [2][-]{subsection.2.1}{\376\377\000T\000e\000s\000t\000e\000\040\000q\000u\000i\000-\000q\000u\000a\000d\000r\000a\000d\000o}{section.2}% 3
\BOOKMARK [3][-]{subsubsection.2.1.1}{\376\377\000E\000x\000e\000m\000p\000l\000o\000\040\000d\000e\000\040\000a\000s\000s\000o\000c\000i\000a\000\347\000\343\000o\000\040\000e\000n\000t\000r\000e\000\040\000d\000u\000a\000s\000\040\000v\000a\000r\000i\000\341\000v\000e\000i\000s\000\040\000q\000u\000a\000l\000i\000t\000a\000t\000i\000v\000a\000s}{subsection.2.1}% 4
\BOOKMARK [3][-]{subsubsection.2.1.2}{\376\377\000E\000x\000e\000m\000p\000l\000o\000\040\000d\000e\000\040\000n\000\343\000o\000\040\000a\000s\000s\000o\000c\000i\000a\000\347\000\343\000o\000\040\000e\000n\000t\000r\000e\000\040\000d\000u\000a\000s\000\040\000v\000a\000r\000i\000\341\000v\000e\000i\000s\000\040\000q\000u\000a\000l\000i\000t\000a\000t\000i\000v\000a\000s}{subsection.2.1}% 5
\BOOKMARK [3][-]{subsubsection.2.1.3}{\376\377\000T\000e\000s\000t\000e\000\040\000q\000u\000i\000-\000q\000u\000a\000d\000r\000a\000d\000o}{subsection.2.1}% 6
\BOOKMARK [2][-]{subsection.2.2}{\376\377\000T\000e\000s\000t\000e\000\040\000K\000r\000u\000s\000k\000a\000l\000-\000W\000a\000l\000l\000i\000s}{section.2}% 7
\BOOKMARK [2][-]{subsection.2.3}{\376\377\000T\000e\000s\000t\000e\000\040\000d\000e\000\040\000c\000o\000m\000p\000a\000r\000a\000\347\000\343\000o\000\040\000m\000\372\000l\000t\000i\000p\000l\000a\000\040\000d\000e\000\040\000N\000e\000m\000e\000y\000i}{section.2}% 8
\BOOKMARK [2][-]{subsection.2.4}{\376\377\000A\000r\000q\000u\000i\000v\000o\000s\000\040\000s\000u\000p\000l\000e\000m\000e\000n\000t\000a\000r\000e\000s}{section.2}% 9
\BOOKMARK [1][-]{section.3}{\376\377\000R\000e\000s\000u\000l\000t\000a\000d\000o\000s}{}% 10
\BOOKMARK [2][-]{subsection.3.1}{\376\377\000Q\0001\0004}{section.3}% 11
\BOOKMARK [3][-]{subsubsection.3.1.1}{\376\377\000A\000n\000\341\000l\000i\000s\000e\000\040\000d\000e\000s\000c\000r\000i\000t\000i\000v\000a\000\040\000p\000a\000r\000a\000\040\000Q\0001\0004}{subsection.3.1}% 12
\BOOKMARK [3][-]{subsubsection.3.1.2}{\376\377\000A\000n\000\341\000l\000i\000s\000e\000\040\000b\000i\000d\000i\000m\000e\000n\000s\000i\000o\000n\000a\000l\000\040\000Q\0001\0004}{subsection.3.1}% 13
\BOOKMARK [2][-]{subsection.3.2}{\376\377\000Q\0001\0005}{section.3}% 14
\BOOKMARK [3][-]{subsubsection.3.2.1}{\376\377\000A\000n\000\341\000l\000i\000s\000e\000\040\000d\000e\000s\000c\000r\000i\000t\000i\000v\000a\000\040\000p\000a\000r\000a\000\040\000Q\0001\0005}{subsection.3.2}% 15
\BOOKMARK [3][-]{subsubsection.3.2.2}{\376\377\000A\000n\000\341\000l\000i\000s\000e\000\040\000b\000i\000d\000i\000m\000e\000n\000s\000i\000o\000n\000a\000l\000\040\000Q\0001\0005}{subsection.3.2}% 16
\BOOKMARK [2][-]{subsection.3.3}{\376\377\000Q\0001\0006}{section.3}% 17
\BOOKMARK [3][-]{subsubsection.3.3.1}{\376\377\000A\000n\000\341\000l\000i\000s\000e\000\040\000d\000e\000s\000c\000r\000i\000t\000i\000v\000a\000\040\000p\000a\000r\000a\000\040\000Q\0001\0006}{subsection.3.3}% 18
\BOOKMARK [3][-]{subsubsection.3.3.2}{\376\377\000A\000n\000\341\000l\000i\000s\000e\000\040\000b\000i\000d\000i\000m\000e\000n\000s\000i\000o\000n\000a\000l\000\040\000Q\0001\0006}{subsection.3.3}% 19
\BOOKMARK [2][-]{subsection.3.4}{\376\377\000Q\0001\0007}{section.3}% 20
\BOOKMARK [3][-]{subsubsection.3.4.1}{\376\377\000A\000n\000\341\000l\000i\000s\000e\000\040\000d\000e\000s\000c\000r\000i\000t\000i\000v\000a\000\040\000p\000a\000r\000a\000\040\000Q\0001\0007}{subsection.3.4}% 21
\BOOKMARK [3][-]{subsubsection.3.4.2}{\376\377\000A\000n\000\341\000l\000i\000s\000e\000\040\000b\000i\000d\000i\000m\000e\000n\000s\000i\000o\000n\000a\000l\000\040\000Q\0001\0007}{subsection.3.4}% 22
\BOOKMARK [2][-]{subsection.3.5}{\376\377\000Q\0001\0008}{section.3}% 23
\BOOKMARK [3][-]{subsubsection.3.5.1}{\376\377\000A\000n\000\341\000l\000i\000s\000e\000\040\000d\000e\000s\000c\000r\000i\000t\000i\000v\000a\000\040\000p\000a\000r\000a\000\040\000Q\0001\0008}{subsection.3.5}% 24
\BOOKMARK [3][-]{subsubsection.3.5.2}{\376\377\000A\000n\000\341\000l\000i\000s\000e\000\040\000b\000i\000d\000i\000m\000e\000n\000s\000i\000o\000n\000a\000l\000\040\000Q\0001\0008}{subsection.3.5}% 25
\BOOKMARK [2][-]{subsection.3.6}{\376\377\000Q\0001\0009}{section.3}% 26
\BOOKMARK [3][-]{subsubsection.3.6.1}{\376\377\000A\000n\000\341\000l\000i\000s\000e\000\040\000d\000e\000s\000c\000r\000i\000t\000i\000v\000a\000\040\000p\000a\000r\000a\000\040\000Q\0001\0009}{subsection.3.6}% 27
\BOOKMARK [3][-]{subsubsection.3.6.2}{\376\377\000A\000n\000\341\000l\000i\000s\000e\000\040\000b\000i\000d\000i\000m\000e\000n\000s\000i\000o\000n\000a\000l\000\040\000Q\0001\0009}{subsection.3.6}% 28
\BOOKMARK [2][-]{subsection.3.7}{\376\377\000Q\0002\0000}{section.3}% 29
\BOOKMARK [3][-]{subsubsection.3.7.1}{\376\377\000A\000n\000\341\000l\000i\000s\000e\000\040\000d\000e\000s\000c\000r\000i\000t\000i\000v\000a\000\040\000p\000a\000r\000a\000\040\000Q\0002\0000}{subsection.3.7}% 30
\BOOKMARK [3][-]{subsubsection.3.7.2}{\376\377\000A\000n\000\341\000l\000i\000s\000e\000\040\000b\000i\000d\000i\000m\000e\000n\000s\000i\000o\000n\000a\000l\000\040\000Q\0002\0000}{subsection.3.7}% 31
\BOOKMARK [2][-]{subsection.3.8}{\376\377\000Q\0002\0001}{section.3}% 32
\BOOKMARK [3][-]{subsubsection.3.8.1}{\376\377\000A\000n\000\341\000l\000i\000s\000e\000\040\000d\000e\000s\000c\000r\000i\000t\000i\000v\000a\000\040\000p\000a\000r\000a\000\040\000Q\0002\0001}{subsection.3.8}% 33
\BOOKMARK [3][-]{subsubsection.3.8.2}{\376\377\000A\000n\000\341\000l\000i\000s\000e\000\040\000b\000i\000d\000i\000m\000e\000n\000s\000i\000o\000n\000a\000l\000\040\000Q\0002\0001}{subsection.3.8}% 34
\BOOKMARK [2][-]{subsection.3.9}{\376\377\000Q\0002\0002}{section.3}% 35
\BOOKMARK [3][-]{subsubsection.3.9.1}{\376\377\000A\000n\000\341\000l\000i\000s\000e\000\040\000d\000e\000s\000c\000r\000i\000t\000i\000v\000a\000\040\000p\000a\000r\000a\000\040\000Q\0002\0002}{subsection.3.9}% 36
\BOOKMARK [3][-]{subsubsection.3.9.2}{\376\377\000A\000n\000\341\000l\000i\000s\000e\000\040\000b\000i\000d\000i\000m\000e\000n\000s\000i\000o\000n\000a\000l\000\040\000Q\0002\0002}{subsection.3.9}% 37
\BOOKMARK [1][-]{section*.2}{\376\377\000R\000e\000f\000e\000r\000\352\000n\000c\000i\000a\000s}{}% 38
